Bringing machine 'default' up with 'virtualbox' provider...
==> default: Importing base box 'hashicorp/precise64'...
[KProgress: 40%[KProgress: 50%[KProgress: 60%[KProgress: 70%[KProgress: 80%[KProgress: 90%[K==> default: Matching MAC address for NAT networking...
==> default: Checking if box 'hashicorp/precise64' is up to date...
==> default: Setting the name of the VM: cobol_default_1460538195765_55223
==> default: Fixed port collision for 22 => 2222. Now on port 2200.
==> default: Clearing any previously set network interfaces...
==> default: Preparing network interfaces based on configuration...
    default: Adapter 1: nat
==> default: Forwarding ports...
    default: 22 => 2200 (adapter 1)
==> default: Booting VM...
==> default: Waiting for machine to boot. This may take a few minutes...
    default: SSH address: 127.0.0.1:2200
    default: SSH username: vagrant
    default: SSH auth method: private key
    default: 
    default: Vagrant insecure key detected. Vagrant will automatically replace
    default: this with a newly generated keypair for better security.
    default: 
    default: Inserting generated public key within guest...
    default: Removing insecure key from the guest if it's present...
    default: Key inserted! Disconnecting and reconnecting using new SSH key...
==> default: Machine booted and ready!
==> default: Checking for guest additions in VM...
    default: The guest additions on this VM do not match the installed version of
    default: VirtualBox! In most cases this is fine, but in rare cases it can
    default: prevent things such as shared folders from working properly. If you see
    default: shared folder errors, please make sure the guest additions within the
    default: virtual machine match the version of VirtualBox you have installed on
    default: your host and reload your VM.
    default: 
    default: Guest Additions Version: 4.2.0
    default: VirtualBox Version: 5.0
==> default: Mounting shared folders...
    default: /vagrant => /Users/anthonyshorter/HC/cobol
==> default: Running provisioner: shell...
    default: Running: /var/folders/qv/m3gzvwfs7tx0knx3f0yj7svw0000gn/T/vagrant-shell20160413-4095-iym0zy.sh
==> default: stdin: is not a tty
==> default: Reading package lists...
==> default: Building dependency tree...
==> default: Reading state information...
==> default: The following extra packages will be installed:
==> default:   autotools-dev g++-4.6 libcob1 libcob1-dev libdb-dev libdb5.1-dev libgmp-dev
==> default:   libgmp3-dev libgmpxx4ldbl libltdl-dev libltdl7 libncurses5-dev
==> default:   libstdc++6-4.6-dev libtool
==> default: Suggested packages:
==> default:   g++-4.6-multilib gcc-4.6-doc libstdc++6-4.6-dbg db5.1-doc libgmp10-doc
==> default:   libmpfr-dev libtool-doc ncurses-doc libstdc++6-4.6-doc autoconf automaken
==> default:   gfortran fortran95-compiler gcj
==> default: Recommended packages:
==> default:   libstdc++-dev
==> default: The following NEW packages will be installed:
==> default:   autotools-dev g++-4.6 libcob1 libcob1-dev libdb-dev libdb5.1-dev libgmp-dev
==> default:   libgmp3-dev libgmpxx4ldbl libltdl-dev libltdl7 libncurses5-dev
==> default:   libstdc++6-4.6-dev libtool open-cobol
==> default: 0 upgraded, 15 newly installed, 0 to remove and 66 not upgraded.
==> default: Need to get 11.0 MB of archives.
==> default: After this operation, 35.0 MB of additional disk space will be used.
==> default: Get:1 http://us.archive.ubuntu.com/ubuntu/ precise/main libgmpxx4ldbl amd64 2:5.0.2+dfsg-2ubuntu1 [8,720 B]
==> default: Get:2 http://us.archive.ubuntu.com/ubuntu/ precise/main libltdl7 amd64 2.4.2-1ubuntu1 [37.6 kB]
==> default: Get:3 http://us.archive.ubuntu.com/ubuntu/ precise/main autotools-dev all 20120210.1ubuntu1 [42.4 kB]
==> default: Get:4 http://us.archive.ubuntu.com/ubuntu/ precise/main libstdc++6-4.6-dev amd64 4.6.3-1ubuntu5 [1,660 kB]
==> default: Get:5 http://us.archive.ubuntu.com/ubuntu/ precise/main g++-4.6 amd64 4.6.3-1ubuntu5 [6,954 kB]
==> default: Get:6 http://us.archive.ubuntu.com/ubuntu/ precise/universe libcob1 amd64 1.0-5build1 [81.2 kB]
==> default: Get:7 http://us.archive.ubuntu.com/ubuntu/ precise/universe libcob1-dev amd64 1.0-5build1 [111 kB]
==> default: Get:8 http://us.archive.ubuntu.com/ubuntu/ precise/main libgmp-dev amd64 2:5.0.2+dfsg-2ubuntu1 [351 kB]
==> default: Get:9 http://us.archive.ubuntu.com/ubuntu/ precise/main libgmp3-dev amd64 2:5.0.2+dfsg-2ubuntu1 [1,806 B]
==> default: Get:10 http://us.archive.ubuntu.com/ubuntu/ precise/main libltdl-dev amd64 2.4.2-1ubuntu1 [202 kB]
==> default: Get:11 http://us.archive.ubuntu.com/ubuntu/ precise/main libncurses5-dev amd64 5.9-4 [222 kB]
==> default: Get:12 http://us.archive.ubuntu.com/ubuntu/ precise/main libtool amd64 2.4.2-1ubuntu1 [302 kB]
==> default: Get:13 http://us.archive.ubuntu.com/ubuntu/ precise/main libdb5.1-dev amd64 5.1.25-11build1 [876 kB]
==> default: Get:14 http://us.archive.ubuntu.com/ubuntu/ precise/main libdb-dev amd64 5.1.4ubuntu1 [2,294 B]
==> default: Get:15 http://us.archive.ubuntu.com/ubuntu/ precise/universe open-cobol amd64 1.0-5build1 [196 kB]
==> default: dpkg-preconfigure: unable to re-open stdin: No such file or directory
==> default: Fetched 11.0 MB in 15s (715 kB/s)
==> default: Selecting previously unselected package libgmpxx4ldbl.
==> default: (Reading database ... 
==> default: 51095 files and directories currently installed.)
==> default: Unpacking libgmpxx4ldbl (from .../libgmpxx4ldbl_2%3a5.0.2+dfsg-2ubuntu1_amd64.deb) ...
==> default: Selecting previously unselected package libltdl7.
==> default: Unpacking libltdl7 (from .../libltdl7_2.4.2-1ubuntu1_amd64.deb) ...
==> default: Selecting previously unselected package autotools-dev.
==> default: Unpacking autotools-dev (from .../autotools-dev_20120210.1ubuntu1_all.deb) ...
==> default: Selecting previously unselected package libstdc++6-4.6-dev.
==> default: Unpacking libstdc++6-4.6-dev (from .../libstdc++6-4.6-dev_4.6.3-1ubuntu5_amd64.deb) ...
==> default: Selecting previously unselected package g++-4.6.
==> default: Unpacking g++-4.6 (from .../g++-4.6_4.6.3-1ubuntu5_amd64.deb) ...
==> default: Selecting previously unselected package libcob1.
==> default: Unpacking libcob1 (from .../libcob1_1.0-5build1_amd64.deb) ...
==> default: Selecting previously unselected package libcob1-dev.
==> default: Unpacking libcob1-dev (from .../libcob1-dev_1.0-5build1_amd64.deb) ...
==> default: Selecting previously unselected package libgmp-dev.
==> default: Unpacking libgmp-dev (from .../libgmp-dev_2%3a5.0.2+dfsg-2ubuntu1_amd64.deb) ...
==> default: Selecting previously unselected package libgmp3-dev.
==> default: Unpacking libgmp3-dev (from .../libgmp3-dev_2%3a5.0.2+dfsg-2ubuntu1_amd64.deb) ...
==> default: Selecting previously unselected package libltdl-dev.
==> default: Unpacking libltdl-dev (from .../libltdl-dev_2.4.2-1ubuntu1_amd64.deb) ...
==> default: Selecting previously unselected package libncurses5-dev.
==> default: Unpacking libncurses5-dev (from .../libncurses5-dev_5.9-4_amd64.deb) ...
==> default: Selecting previously unselected package libtool.
==> default: Unpacking libtool (from .../libtool_2.4.2-1ubuntu1_amd64.deb) ...
==> default: Selecting previously unselected package libdb5.1-dev.
==> default: Unpacking libdb5.1-dev (from .../libdb5.1-dev_5.1.25-11build1_amd64.deb) ...
==> default: Selecting previously unselected package libdb-dev.
==> default: Unpacking libdb-dev (from .../libdb-dev_5.1.4ubuntu1_amd64.deb) ...
==> default: Selecting previously unselected package open-cobol.
==> default: Unpacking open-cobol (from .../open-cobol_1.0-5build1_amd64.deb) ...
==> default: Processing triggers for man-db ...
==> default: Processing triggers for install-info ...
==> default: Setting up libgmpxx4ldbl (2:5.0.2+dfsg-2ubuntu1) ...
==> default: Setting up libltdl7 (2.4.2-1ubuntu1) ...
==> default: Setting up autotools-dev (20120210.1ubuntu1) ...
==> default: Setting up libcob1 (1.0-5build1) ...
==> default: Setting up libcob1-dev (1.0-5build1) ...
==> default: Setting up libgmp-dev (2:5.0.2+dfsg-2ubuntu1) ...
==> default: Setting up libgmp3-dev (2:5.0.2+dfsg-2ubuntu1) ...
==> default: Setting up libltdl-dev (2.4.2-1ubuntu1) ...
==> default: Setting up libncurses5-dev (5.9-4) ...
==> default: Setting up libtool (2.4.2-1ubuntu1) ...
==> default: Setting up libdb5.1-dev (5.1.25-11build1) ...
==> default: Setting up libdb-dev (5.1.4ubuntu1) ...
==> default: Setting up open-cobol (1.0-5build1) ...
==> default: Setting up g++-4.6 (4.6.3-1ubuntu5) ...
==> default: Setting up libstdc++6-4.6-dev (4.6.3-1ubuntu5) ...
==> default: Processing triggers for libc-bin ...
==> default: ldconfig deferred processing now taking place
==> default: /usr/bin/cobc
==> default: /tmp/cob1490_0.c: In function 'HELLO_2DWORLD_':
==> default: /tmp/cob1490_0.c:75:7: warning: dereferencing type-punned pointer will break strict-aliasing rules [-Wstrict-aliasing]
==> default: /tmp/cob1490_0.c:76:7: warning: dereferencing type-punned pointer will break strict-aliasing rules [-Wstrict-aliasing]
==> default: /tmp/cob1490_0.c:77:7: warning: dereferencing type-punned pointer will break strict-aliasing rules [-Wstrict-aliasing]
==> default: /tmp/cob1490_0.c:88:3: warning: dereferencing type-punned pointer will break strict-aliasing rules [-Wstrict-aliasing]
==> default: /tmp/cob1490_0.c:107:5: warning: dereferencing type-punned pointer will break strict-aliasing rules [-Wstrict-aliasing]
==> default: /tmp/cob1490_0.c:111:3: warning: dereferencing type-punned pointer will break strict-aliasing rules [-Wstrict-aliasing]
==> default: Hello world!
